<?xml version="1.0" encoding="UTF-8"?>
<!-- Generated by org.testng.reporters.JUnitReportReporter -->
<testsuite hostname="LAPTOP-GOCGSJGJ" failures="0" tests="1" name="test.ResetPageTest" time="20.027" errors="0" timestamp="2024-06-17T15:48:47 IST" skipped="0">
  <testcase classname="test.ResetPageTest" name="verifyLoginPageWithInvalidEmail" time="20.027"/>
</testsuite> <!-- test.ResetPageTest -->
