<?xml version="1.0" encoding="UTF-8"?>
<!-- Generated by org.testng.reporters.JUnitReportReporter -->
<testsuite hostname="LAPTOP-GOCGSJGJ" failures="0" tests="3" name="test.LoginPageTest" time="117.193" errors="0" timestamp="2024-06-19T14:44:14 IST" skipped="0">
  <testcase classname="test.LoginPageTest" name="verifyUserLoginWithValidCredentials" time="21.543"/>
  <testcase classname="test.LoginPageTest" name="verifyUserLoginWithValidCredentials" time="21.478"/>
  <testcase classname="test.LoginPageTest" name="verifyUserLoginWithValidCredentials" time="74.172"/>
</testsuite> <!-- test.LoginPageTest -->
